Warning: You are sending unauthenticated requests to the HF Hub. Please set a HF_TOKEN to enable higher rate limits and faster downloads.
Loading weights:   0%|          | 0/199 [00:00<?, ?it/s]Loading weights: 100%|██████████| 199/199 [00:00<00:00, 43197.73it/s]
[1mBertModel LOAD REPORT[0m from: pritamdeka/PubMedBERT-mnli-snli-scinli-scitail-mednli-stsb
Key                     | Status     |  | 
------------------------+------------+--+-
embeddings.position_ids | UNEXPECTED |  | 

Notes:
- UNEXPECTED:	can be ignored when loading from different task/architecture; not ok if you expect identical arch.
Embedding 6514 chunks (batch size 32)...
  Embedded 32/6514 chunks
  Embedded 64/6514 chunks
  Embedded 96/6514 chunks
  Embedded 128/6514 chunks
  Embedded 160/6514 chunks
  Embedded 192/6514 chunks
  Embedded 224/6514 chunks
  Embedded 256/6514 chunks
  Embedded 288/6514 chunks
  Embedded 320/6514 chunks
  Embedded 352/6514 chunks
  Embedded 384/6514 chunks
  Embedded 416/6514 chunks
  Embedded 448/6514 chunks
  Embedded 480/6514 chunks
  Embedded 512/6514 chunks
  Embedded 544/6514 chunks
  Embedded 576/6514 chunks
  Embedded 608/6514 chunks
  Embedded 640/6514 chunks
  Embedded 672/6514 chunks
  Embedded 704/6514 chunks
  Embedded 736/6514 chunks
  Embedded 768/6514 chunks
  Embedded 800/6514 chunks
  Embedded 832/6514 chunks
  Embedded 864/6514 chunks
  Embedded 896/6514 chunks
  Embedded 928/6514 chunks
  Embedded 960/6514 chunks
  Embedded 992/6514 chunks
  Embedded 1024/6514 chunks
  Embedded 1056/6514 chunks
  Embedded 1088/6514 chunks
  Embedded 1120/6514 chunks
  Embedded 1152/6514 chunks
  Embedded 1184/6514 chunks
  Embedded 1216/6514 chunks
  Embedded 1248/6514 chunks
  Embedded 1280/6514 chunks
  Embedded 1312/6514 chunks
  Embedded 1344/6514 chunks
  Embedded 1376/6514 chunks
  Embedded 1408/6514 chunks
  Embedded 1440/6514 chunks
  Embedded 1472/6514 chunks
  Embedded 1504/6514 chunks
  Embedded 1536/6514 chunks
  Embedded 1568/6514 chunks
  Embedded 1600/6514 chunks
  Embedded 1632/6514 chunks
  Embedded 1664/6514 chunks
  Embedded 1696/6514 chunks
  Embedded 1728/6514 chunks
  Embedded 1760/6514 chunks
  Embedded 1792/6514 chunks
  Embedded 1824/6514 chunks
  Embedded 1856/6514 chunks
  Embedded 1888/6514 chunks
  Embedded 1920/6514 chunks
  Embedded 1952/6514 chunks
  Embedded 1984/6514 chunks
  Embedded 2016/6514 chunks
  Embedded 2048/6514 chunks
  Embedded 2080/6514 chunks
  Embedded 2112/6514 chunks
  Embedded 2144/6514 chunks
  Embedded 2176/6514 chunks
  Embedded 2208/6514 chunks
  Embedded 2240/6514 chunks
  Embedded 2272/6514 chunks
  Embedded 2304/6514 chunks
  Embedded 2336/6514 chunks
  Embedded 2368/6514 chunks
  Embedded 2400/6514 chunks
  Embedded 2432/6514 chunks
  Embedded 2464/6514 chunks
  Embedded 2496/6514 chunks
  Embedded 2528/6514 chunks
  Embedded 2560/6514 chunks
  Embedded 2592/6514 chunks
  Embedded 2624/6514 chunks
  Embedded 2656/6514 chunks
  Embedded 2688/6514 chunks
  Embedded 2720/6514 chunks
  Embedded 2752/6514 chunks
  Embedded 2784/6514 chunks
  Embedded 2816/6514 chunks
  Embedded 2848/6514 chunks
  Embedded 2880/6514 chunks
  Embedded 2912/6514 chunks
  Embedded 2944/6514 chunks
  Embedded 2976/6514 chunks
  Embedded 3008/6514 chunks
  Embedded 3040/6514 chunks
  Embedded 3072/6514 chunks
  Embedded 3104/6514 chunks
  Embedded 3136/6514 chunks
  Embedded 3168/6514 chunks
  Embedded 3200/6514 chunks
  Embedded 3232/6514 chunks
  Embedded 3264/6514 chunks
  Embedded 3296/6514 chunks
  Embedded 3328/6514 chunks
  Embedded 3360/6514 chunks
  Embedded 3392/6514 chunks
  Embedded 3424/6514 chunks
  Embedded 3456/6514 chunks
  Embedded 3488/6514 chunks
  Embedded 3520/6514 chunks
  Embedded 3552/6514 chunks
  Embedded 3584/6514 chunks
  Embedded 3616/6514 chunks
  Embedded 3648/6514 chunks
  Embedded 3680/6514 chunks
  Embedded 3712/6514 chunks
  Embedded 3744/6514 chunks
  Embedded 3776/6514 chunks
  Embedded 3808/6514 chunks
  Embedded 3840/6514 chunks
  Embedded 3872/6514 chunks
  Embedded 3904/6514 chunks
  Embedded 3936/6514 chunks
  Embedded 3968/6514 chunks
  Embedded 4000/6514 chunks
  Embedded 4032/6514 chunks
  Embedded 4064/6514 chunks
  Embedded 4096/6514 chunks
  Embedded 4128/6514 chunks
  Embedded 4160/6514 chunks
  Embedded 4192/6514 chunks
  Embedded 4224/6514 chunks
  Embedded 4256/6514 chunks
  Embedded 4288/6514 chunks
  Embedded 4320/6514 chunks
  Embedded 4352/6514 chunks
  Embedded 4384/6514 chunks
  Embedded 4416/6514 chunks
  Embedded 4448/6514 chunks
  Embedded 4480/6514 chunks
  Embedded 4512/6514 chunks
  Embedded 4544/6514 chunks
  Embedded 4576/6514 chunks
  Embedded 4608/6514 chunks
  Embedded 4640/6514 chunks
  Embedded 4672/6514 chunks
  Embedded 4704/6514 chunks
  Embedded 4736/6514 chunks
  Embedded 4768/6514 chunks
  Embedded 4800/6514 chunks
  Embedded 4832/6514 chunks
  Embedded 4864/6514 chunks
  Embedded 4896/6514 chunks
  Embedded 4928/6514 chunks
  Embedded 4960/6514 chunks
  Embedded 4992/6514 chunks
  Embedded 5024/6514 chunks
  Embedded 5056/6514 chunks
  Embedded 5088/6514 chunks
  Embedded 5120/6514 chunks
  Embedded 5152/6514 chunks
  Embedded 5184/6514 chunks
  Embedded 5216/6514 chunks
  Embedded 5248/6514 chunks
  Embedded 5280/6514 chunks
  Embedded 5312/6514 chunks
  Embedded 5344/6514 chunks
  Embedded 5376/6514 chunks
  Embedded 5408/6514 chunks
  Embedded 5440/6514 chunks
  Embedded 5472/6514 chunks
  Embedded 5504/6514 chunks
  Embedded 5536/6514 chunks
  Embedded 5568/6514 chunks
  Embedded 5600/6514 chunks
  Embedded 5632/6514 chunks
  Embedded 5664/6514 chunks
  Embedded 5696/6514 chunks
  Embedded 5728/6514 chunks
  Embedded 5760/6514 chunks
  Embedded 5792/6514 chunks
  Embedded 5824/6514 chunks
  Embedded 5856/6514 chunks
  Embedded 5888/6514 chunks
  Embedded 5920/6514 chunks
  Embedded 5952/6514 chunks
  Embedded 5984/6514 chunks
  Embedded 6016/6514 chunks
  Embedded 6048/6514 chunks
  Embedded 6080/6514 chunks
  Embedded 6112/6514 chunks
  Embedded 6144/6514 chunks
  Embedded 6176/6514 chunks
  Embedded 6208/6514 chunks
  Embedded 6240/6514 chunks
  Embedded 6272/6514 chunks
  Embedded 6304/6514 chunks
  Embedded 6336/6514 chunks
  Embedded 6368/6514 chunks
  Embedded 6400/6514 chunks
  Embedded 6432/6514 chunks
  Embedded 6464/6514 chunks
  Embedded 6496/6514 chunks
  Embedded 6514/6514 chunks
All chunk embeddings created!
